07-10-2018 17:55:53 UTC [ERROR] Connection pool was unable to connect to host 172.17.0.2 because of the following error: Received error response 'Keyspace 'cloudcomputing' does not exist' (0x02002200) (src/pool.cpp:388)
07-10-2018 17:56:04 UTC [ERROR] Connection pool was unable to connect to host 172.17.0.2 because of the following error: Received error response 'Keyspace 'cloudcomputing' does not exist' (0x02002200) (src/pool.cpp:388)
07-10-2018 18:01:13 UTC [ERROR] Closing established connection pool to host 172.17.0.5 because of the following error: Read error 'connection reset by peer' (src/pool.cpp:384)
07-10-2018 18:01:13 UTC [ERROR] Closing established connection pool to host 172.17.0.5 because of the following error: Read error 'connection reset by peer' (src/pool.cpp:384)
08-10-2018 07:10:16 UTC [ERROR] Unable to resolve address for Cassandra:9042
 (src/session.cpp:531)
08-10-2018 07:10:16 UTC [ERROR] Unable to resolve address for Cassandra:9042
 (src/session.cpp:531)
08-10-2018 07:10:18 UTC [ERROR] Unable to resolve address for Cassandra:9042
 (src/session.cpp:531)
08-10-2018 07:10:25 UTC [ERROR] Unable to resolve address for Cassandra:9042
 (src/session.cpp:531)
08-10-2018 07:10:30 UTC [ERROR] Unable to resolve address for Cassandra:9042
 (src/session.cpp:531)
08-10-2018 07:10:36 UTC [ERROR] Unable to resolve address for Cassandra:9042
 (src/session.cpp:531)
08-10-2018 07:10:41 UTC [ERROR] Unable to resolve address for Cassandra:9042
 (src/session.cpp:531)
08-10-2018 07:10:47 UTC [ERROR] Unable to resolve address for Cassandra:9042
 (src/session.cpp:531)
08-10-2018 07:10:52 UTC [ERROR] Unable to resolve address for Cassandra:9042
 (src/session.cpp:531)
08-10-2018 07:10:58 UTC [ERROR] Unable to resolve address for Cassandra:9042
 (src/session.cpp:531)
08-10-2018 07:11:03 UTC [ERROR] Unable to resolve address for Cassandra:9042
 (src/session.cpp:531)
08-10-2018 07:11:08 UTC [ERROR] Unable to resolve address for Cassandra:9042
 (src/session.cpp:531)
08-10-2018 07:11:14 UTC [ERROR] Unable to resolve address for Cassandra:9042
 (src/session.cpp:531)
08-10-2018 07:11:19 UTC [ERROR] Unable to resolve address for Cassandra:9042
 (src/session.cpp:531)
08-10-2018 07:11:25 UTC [ERROR] Unable to resolve address for Cassandra:9042
 (src/session.cpp:531)
08-10-2018 07:11:30 UTC [ERROR] Unable to resolve address for Cassandra:9042
 (src/session.cpp:531)
08-10-2018 07:11:36 UTC [ERROR] Unable to resolve address for Cassandra:9042
 (src/session.cpp:531)
08-10-2018 07:11:41 UTC [ERROR] Unable to resolve address for Cassandra:9042
 (src/session.cpp:531)
08-10-2018 07:11:47 UTC [ERROR] Unable to resolve address for Cassandra:9042
 (src/session.cpp:531)
08-10-2018 07:11:52 UTC [ERROR] Unable to resolve address for Cassandra:9042
 (src/session.cpp:531)
08-10-2018 07:11:57 UTC [ERROR] Unable to resolve address for Cassandra:9042
 (src/session.cpp:531)
08-10-2018 07:12:03 UTC [ERROR] Unable to resolve address for Cassandra:9042
 (src/session.cpp:531)
08-10-2018 07:12:08 UTC [ERROR] Unable to resolve address for Cassandra:9042
 (src/session.cpp:531)
08-10-2018 07:12:13 UTC [ERROR] Unable to resolve address for Cassandra:9042
 (src/session.cpp:531)
08-10-2018 07:12:19 UTC [ERROR] Unable to resolve address for Cassandra:9042
 (src/session.cpp:531)
08-10-2018 07:12:24 UTC [ERROR] Unable to resolve address for Cassandra:9042
 (src/session.cpp:531)
08-10-2018 07:12:30 UTC [ERROR] Unable to resolve address for Cassandra:9042
 (src/session.cpp:531)
08-10-2018 07:12:35 UTC [ERROR] Unable to resolve address for Cassandra:9042
 (src/session.cpp:531)
08-10-2018 07:12:41 UTC [ERROR] Unable to resolve address for Cassandra:9042
 (src/session.cpp:531)
08-10-2018 07:12:46 UTC [ERROR] Unable to resolve address for Cassandra:9042
 (src/session.cpp:531)
08-10-2018 07:12:52 UTC [ERROR] Unable to resolve address for Cassandra:9042
 (src/session.cpp:531)
08-10-2018 07:12:57 UTC [ERROR] Unable to resolve address for Cassandra:9042
 (src/session.cpp:531)
08-10-2018 07:13:02 UTC [ERROR] Unable to resolve address for Cassandra:9042
 (src/session.cpp:531)
08-10-2018 07:13:08 UTC [ERROR] Unable to resolve address for Cassandra:9042
 (src/session.cpp:531)
08-10-2018 07:13:13 UTC [ERROR] Unable to resolve address for Cassandra:9042
 (src/session.cpp:531)
08-10-2018 07:13:18 UTC [ERROR] Unable to resolve address for Cassandra:9042
 (src/session.cpp:531)
08-10-2018 07:13:24 UTC [ERROR] Unable to resolve address for Cassandra:9042
 (src/session.cpp:531)
08-10-2018 07:13:29 UTC [ERROR] Unable to resolve address for Cassandra:9042
 (src/session.cpp:531)
08-10-2018 07:13:34 UTC [ERROR] Unable to resolve address for Cassandra:9042
 (src/session.cpp:531)
08-10-2018 07:13:39 UTC [ERROR] Unable to resolve address for Cassandra:9042
 (src/session.cpp:531)
08-10-2018 07:13:45 UTC [ERROR] Unable to resolve address for Cassandra:9042
 (src/session.cpp:531)
08-10-2018 07:13:50 UTC [ERROR] Unable to resolve address for Cassandra:9042
 (src/session.cpp:531)
08-10-2018 07:13:56 UTC [ERROR] Unable to resolve address for Cassandra:9042
 (src/session.cpp:531)
08-10-2018 07:14:01 UTC [ERROR] Unable to resolve address for Cassandra:9042
 (src/session.cpp:531)
08-10-2018 07:14:07 UTC [ERROR] Unable to resolve address for Cassandra:9042
 (src/session.cpp:531)
08-10-2018 07:14:14 UTC [ERROR] Unable to resolve address for Cassandra:9042
 (src/session.cpp:531)
08-10-2018 07:14:21 UTC [ERROR] Unable to resolve address for Cassandra:9042
 (src/session.cpp:531)
08-10-2018 07:14:27 UTC [ERROR] Unable to resolve address for Cassandra:9042
 (src/session.cpp:531)
08-10-2018 07:14:32 UTC [ERROR] Unable to resolve address for Cassandra:9042
 (src/session.cpp:531)
08-10-2018 07:14:37 UTC [ERROR] Unable to resolve address for Cassandra:9042
 (src/session.cpp:531)
08-10-2018 07:14:43 UTC [ERROR] Unable to resolve address for Cassandra:9042
 (src/session.cpp:531)
08-10-2018 07:14:48 UTC [ERROR] Unable to resolve address for Cassandra:9042
 (src/session.cpp:531)
08-10-2018 07:14:54 UTC [ERROR] Unable to resolve address for Cassandra:9042
 (src/session.cpp:531)
08-10-2018 07:14:59 UTC [ERROR] Unable to resolve address for Cassandra:9042
 (src/session.cpp:531)
08-10-2018 07:15:04 UTC [ERROR] Unable to resolve address for Cassandra:9042
 (src/session.cpp:531)
08-10-2018 07:15:10 UTC [ERROR] Unable to resolve address for Cassandra:9042
 (src/session.cpp:531)
08-10-2018 07:15:15 UTC [ERROR] Unable to resolve address for Cassandra:9042
 (src/session.cpp:531)
08-10-2018 07:15:20 UTC [ERROR] Unable to resolve address for Cassandra:9042
 (src/session.cpp:531)
08-10-2018 07:15:26 UTC [ERROR] Unable to resolve address for Cassandra:9042
 (src/session.cpp:531)
08-10-2018 07:15:31 UTC [ERROR] Unable to resolve address for Cassandra:9042
 (src/session.cpp:531)
08-10-2018 07:15:36 UTC [ERROR] Unable to resolve address for Cassandra:9042
 (src/session.cpp:531)
08-10-2018 07:15:42 UTC [ERROR] Unable to resolve address for Cassandra:9042
 (src/session.cpp:531)
08-10-2018 07:15:47 UTC [ERROR] Unable to resolve address for Cassandra:9042
 (src/session.cpp:531)
08-10-2018 07:15:53 UTC [ERROR] Unable to resolve address for Cassandra:9042
 (src/session.cpp:531)
08-10-2018 07:15:58 UTC [ERROR] Unable to resolve address for Cassandra:9042
 (src/session.cpp:531)
08-10-2018 07:16:03 UTC [ERROR] Unable to resolve address for Cassandra:9042
 (src/session.cpp:531)
08-10-2018 07:16:08 UTC [ERROR] Unable to resolve address for Cassandra:9042
 (src/session.cpp:531)
08-10-2018 07:16:14 UTC [ERROR] Unable to resolve address for Cassandra:9042
 (src/session.cpp:531)
08-10-2018 07:16:19 UTC [ERROR] Unable to resolve address for Cassandra:9042
 (src/session.cpp:531)
08-10-2018 07:16:24 UTC [ERROR] Unable to resolve address for Cassandra:9042
 (src/session.cpp:531)
08-10-2018 07:16:30 UTC [ERROR] Unable to resolve address for Cassandra:9042
 (src/session.cpp:531)
08-10-2018 07:16:35 UTC [ERROR] Unable to resolve address for Cassandra:9042
 (src/session.cpp:531)
08-10-2018 07:16:41 UTC [ERROR] Unable to resolve address for Cassandra:9042
 (src/session.cpp:531)
08-10-2018 07:16:46 UTC [ERROR] Unable to resolve address for Cassandra:9042
 (src/session.cpp:531)
08-10-2018 07:16:51 UTC [ERROR] Unable to resolve address for Cassandra:9042
 (src/session.cpp:531)
08-10-2018 07:16:57 UTC [ERROR] Unable to resolve address for Cassandra:9042
 (src/session.cpp:531)
08-10-2018 07:17:02 UTC [ERROR] Unable to resolve address for Cassandra:9042
 (src/session.cpp:531)
08-10-2018 07:17:07 UTC [ERROR] Unable to resolve address for Cassandra:9042
 (src/session.cpp:531)
08-10-2018 07:17:13 UTC [ERROR] Unable to resolve address for Cassandra:9042
 (src/session.cpp:531)
08-10-2018 07:17:18 UTC [ERROR] Unable to resolve address for Cassandra:9042
 (src/session.cpp:531)
08-10-2018 07:17:23 UTC [ERROR] Unable to resolve address for Cassandra:9042
 (src/session.cpp:531)
08-10-2018 07:17:29 UTC [ERROR] Unable to resolve address for Cassandra:9042
 (src/session.cpp:531)
08-10-2018 07:17:34 UTC [ERROR] Unable to resolve address for Cassandra:9042
 (src/session.cpp:531)
08-10-2018 07:17:40 UTC [ERROR] Unable to resolve address for Cassandra:9042
 (src/session.cpp:531)
08-10-2018 07:17:45 UTC [ERROR] Unable to resolve address for Cassandra:9042
 (src/session.cpp:531)
08-10-2018 07:17:50 UTC [ERROR] Unable to resolve address for Cassandra:9042
 (src/session.cpp:531)
08-10-2018 07:17:56 UTC [ERROR] Unable to resolve address for Cassandra:9042
 (src/session.cpp:531)
08-10-2018 07:18:01 UTC [ERROR] Unable to resolve address for Cassandra:9042
 (src/session.cpp:531)
08-10-2018 07:18:07 UTC [ERROR] Unable to resolve address for Cassandra:9042
 (src/session.cpp:531)
08-10-2018 07:18:12 UTC [ERROR] Unable to resolve address for Cassandra:9042
 (src/session.cpp:531)
08-10-2018 07:18:17 UTC [ERROR] Unable to resolve address for Cassandra:9042
 (src/session.cpp:531)
08-10-2018 07:18:22 UTC [ERROR] Unable to resolve address for Cassandra:9042
 (src/session.cpp:531)
08-10-2018 07:18:28 UTC [ERROR] Unable to resolve address for Cassandra:9042
 (src/session.cpp:531)
08-10-2018 07:18:33 UTC [ERROR] Unable to resolve address for Cassandra:9042
 (src/session.cpp:531)
08-10-2018 07:18:38 UTC [ERROR] Unable to resolve address for Cassandra:9042
 (src/session.cpp:531)
08-10-2018 07:18:44 UTC [ERROR] Unable to resolve address for Cassandra:9042
 (src/session.cpp:531)
08-10-2018 07:18:49 UTC [ERROR] Unable to resolve address for Cassandra:9042
 (src/session.cpp:531)
08-10-2018 07:18:55 UTC [ERROR] Unable to resolve address for Cassandra:9042
 (src/session.cpp:531)
08-10-2018 07:19:00 UTC [ERROR] Unable to resolve address for Cassandra:9042
 (src/session.cpp:531)
08-10-2018 07:19:05 UTC [ERROR] Unable to resolve address for Cassandra:9042
 (src/session.cpp:531)
08-10-2018 07:19:11 UTC [ERROR] Unable to resolve address for Cassandra:9042
 (src/session.cpp:531)
08-10-2018 07:19:16 UTC [ERROR] Unable to resolve address for Cassandra:9042
 (src/session.cpp:531)
08-10-2018 07:19:21 UTC [ERROR] Unable to resolve address for Cassandra:9042
 (src/session.cpp:531)
08-10-2018 07:19:27 UTC [ERROR] Unable to resolve address for Cassandra:9042
 (src/session.cpp:531)
08-10-2018 07:19:32 UTC [ERROR] Unable to resolve address for Cassandra:9042
 (src/session.cpp:531)
08-10-2018 07:19:37 UTC [ERROR] Unable to resolve address for Cassandra:9042
 (src/session.cpp:531)
08-10-2018 07:19:43 UTC [ERROR] Unable to resolve address for Cassandra:9042
 (src/session.cpp:531)
08-10-2018 07:19:48 UTC [ERROR] Unable to resolve address for Cassandra:9042
 (src/session.cpp:531)
08-10-2018 07:19:53 UTC [ERROR] Unable to resolve address for Cassandra:9042
 (src/session.cpp:531)
08-10-2018 07:19:59 UTC [ERROR] Unable to resolve address for Cassandra:9042
 (src/session.cpp:531)
08-10-2018 07:20:04 UTC [ERROR] Unable to resolve address for Cassandra:9042
 (src/session.cpp:531)
08-10-2018 07:20:09 UTC [ERROR] Unable to resolve address for Cassandra:9042
 (src/session.cpp:531)
08-10-2018 07:20:15 UTC [ERROR] Unable to resolve address for Cassandra:9042
 (src/session.cpp:531)
08-10-2018 07:20:20 UTC [ERROR] Unable to resolve address for Cassandra:9042
 (src/session.cpp:531)
08-10-2018 07:20:26 UTC [ERROR] Unable to resolve address for Cassandra:9042
 (src/session.cpp:531)
08-10-2018 07:20:31 UTC [ERROR] Unable to resolve address for Cassandra:9042
 (src/session.cpp:531)
08-10-2018 07:20:36 UTC [ERROR] Unable to resolve address for Cassandra:9042
 (src/session.cpp:531)
08-10-2018 07:20:42 UTC [ERROR] Unable to resolve address for Cassandra:9042
 (src/session.cpp:531)
08-10-2018 07:20:47 UTC [ERROR] Unable to resolve address for Cassandra:9042
 (src/session.cpp:531)
08-10-2018 07:20:53 UTC [ERROR] Unable to resolve address for Cassandra:9042
 (src/session.cpp:531)
08-10-2018 07:21:00 UTC [ERROR] Unable to resolve address for Cassandra:9042
 (src/session.cpp:531)
08-10-2018 07:21:10 UTC [ERROR] Unable to resolve address for Cassandra:9042
 (src/session.cpp:531)
08-10-2018 07:21:15 UTC [ERROR] Unable to resolve address for Cassandra:9042
 (src/session.cpp:531)
08-10-2018 07:21:24 UTC [ERROR] Unable to resolve address for Cassandra:9042
 (src/session.cpp:531)
08-10-2018 07:21:33 UTC [ERROR] Unable to resolve address for Cassandra:9042
 (src/session.cpp:531)
08-10-2018 07:21:38 UTC [ERROR] Unable to resolve address for Cassandra:9042
 (src/session.cpp:531)
08-10-2018 07:21:44 UTC [ERROR] Unable to resolve address for Cassandra:9042
 (src/session.cpp:531)
08-10-2018 07:21:55 UTC [ERROR] Unable to resolve address for Cassandra:9042
 (src/session.cpp:531)
08-10-2018 07:22:04 UTC [ERROR] Unable to resolve address for Cassandra:9042
 (src/session.cpp:531)
08-10-2018 07:22:08 UTC [ERROR] Unable to resolve address for Cassandra:9042
 (src/session.cpp:531)
08-10-2018 07:22:14 UTC [ERROR] Unable to resolve address for Cassandra:9042
 (src/session.cpp:531)
08-10-2018 07:22:20 UTC [ERROR] Unable to resolve address for Cassandra:9042
 (src/session.cpp:531)
08-10-2018 07:22:25 UTC [ERROR] Unable to resolve address for Cassandra:9042
 (src/session.cpp:531)
08-10-2018 07:22:31 UTC [ERROR] Unable to resolve address for Cassandra:9042
 (src/session.cpp:531)
08-10-2018 07:22:36 UTC [ERROR] Unable to resolve address for Cassandra:9042
 (src/session.cpp:531)
08-10-2018 07:22:41 UTC [ERROR] Unable to resolve address for Cassandra:9042
 (src/session.cpp:531)
08-10-2018 07:22:47 UTC [ERROR] Unable to resolve address for Cassandra:9042
 (src/session.cpp:531)
08-10-2018 07:22:52 UTC [ERROR] Unable to resolve address for Cassandra:9042
 (src/session.cpp:531)
08-10-2018 07:22:57 UTC [ERROR] Unable to resolve address for Cassandra:9042
 (src/session.cpp:531)
08-10-2018 07:23:03 UTC [ERROR] Unable to resolve address for Cassandra:9042
 (src/session.cpp:531)
08-10-2018 07:23:08 UTC [ERROR] Unable to resolve address for Cassandra:9042
 (src/session.cpp:531)
08-10-2018 07:23:14 UTC [ERROR] Unable to resolve address for Cassandra:9042
 (src/session.cpp:531)
08-10-2018 07:23:19 UTC [ERROR] Unable to resolve address for Cassandra:9042
 (src/session.cpp:531)
08-10-2018 07:23:24 UTC [ERROR] Unable to resolve address for Cassandra:9042
 (src/session.cpp:531)
08-10-2018 07:23:30 UTC [ERROR] Unable to resolve address for Cassandra:9042
 (src/session.cpp:531)
08-10-2018 07:23:35 UTC [ERROR] Unable to resolve address for Cassandra:9042
 (src/session.cpp:531)
08-10-2018 07:23:40 UTC [ERROR] Unable to resolve address for Cassandra:9042
 (src/session.cpp:531)
08-10-2018 07:23:46 UTC [ERROR] Unable to resolve address for Cassandra:9042
 (src/session.cpp:531)
08-10-2018 07:23:51 UTC [ERROR] Unable to resolve address for Cassandra:9042
 (src/session.cpp:531)
08-10-2018 07:23:56 UTC [ERROR] Unable to resolve address for Cassandra:9042
 (src/session.cpp:531)
08-10-2018 07:24:03 UTC [ERROR] Unable to resolve address for Cassandra:9042
 (src/session.cpp:531)
08-10-2018 07:24:08 UTC [ERROR] Unable to resolve address for Cassandra:9042
 (src/session.cpp:531)
08-10-2018 07:24:25 UTC [ERROR] Unable to resolve address for Cassandra:9042
 (src/session.cpp:531)
08-10-2018 07:24:38 UTC [ERROR] Unable to resolve address for Cassandra:9042
 (src/session.cpp:531)
08-10-2018 07:24:42 UTC [ERROR] Unable to resolve address for Cassandra:9042
 (src/session.cpp:531)
08-10-2018 07:24:48 UTC [ERROR] Unable to resolve address for Cassandra:9042
 (src/session.cpp:531)
08-10-2018 07:24:53 UTC [ERROR] Unable to resolve address for Cassandra:9042
 (src/session.cpp:531)
08-10-2018 07:24:58 UTC [ERROR] Unable to resolve address for Cassandra:9042
 (src/session.cpp:531)
08-10-2018 07:25:04 UTC [ERROR] Unable to resolve address for Cassandra:9042
 (src/session.cpp:531)
08-10-2018 07:25:09 UTC [ERROR] Unable to resolve address for Cassandra:9042
 (src/session.cpp:531)
08-10-2018 07:25:14 UTC [ERROR] Unable to resolve address for Cassandra:9042
 (src/session.cpp:531)
08-10-2018 07:25:20 UTC [ERROR] Unable to resolve address for Cassandra:9042
 (src/session.cpp:531)
08-10-2018 07:25:25 UTC [ERROR] Unable to resolve address for Cassandra:9042
 (src/session.cpp:531)
08-10-2018 07:27:28 UTC [ERROR] Unable to resolve address for Cassandra:9042
 (src/session.cpp:531)
08-10-2018 07:27:35 UTC [ERROR] Unable to resolve address for Cassandra:9042
 (src/session.cpp:531)
08-10-2018 07:27:41 UTC [ERROR] Unable to resolve address for Cassandra:9042
 (src/session.cpp:531)
08-10-2018 07:27:46 UTC [ERROR] Unable to resolve address for Cassandra:9042
 (src/session.cpp:531)
08-10-2018 07:27:52 UTC [ERROR] Unable to resolve address for Cassandra:9042
 (src/session.cpp:531)
08-10-2018 07:27:57 UTC [ERROR] Unable to resolve address for Cassandra:9042
 (src/session.cpp:531)
08-10-2018 07:28:03 UTC [ERROR] Unable to resolve address for Cassandra:9042
 (src/session.cpp:531)
08-10-2018 07:28:09 UTC [ERROR] Unable to resolve address for Cassandra:9042
 (src/session.cpp:531)
08-10-2018 07:28:20 UTC [ERROR] Unable to resolve address for Cassandra:9042
 (src/session.cpp:531)
08-10-2018 07:28:23 UTC [ERROR] Unable to resolve address for Cassandra:9042
 (src/session.cpp:531)
08-10-2018 07:28:28 UTC [ERROR] Unable to resolve address for Cassandra:9042
 (src/session.cpp:531)
08-10-2018 07:28:34 UTC [ERROR] Unable to resolve address for Cassandra:9042
 (src/session.cpp:531)
08-10-2018 07:28:40 UTC [ERROR] Unable to resolve address for Cassandra:9042
 (src/session.cpp:531)
08-10-2018 07:28:50 UTC [ERROR] Unable to resolve address for Cassandra:9042
 (src/session.cpp:531)
08-10-2018 07:28:55 UTC [ERROR] Unable to resolve address for Cassandra:9042
 (src/session.cpp:531)
08-10-2018 07:29:01 UTC [ERROR] Unable to resolve address for Cassandra:9042
 (src/session.cpp:531)
08-10-2018 07:29:06 UTC [ERROR] Unable to resolve address for Cassandra:9042
 (src/session.cpp:531)
08-10-2018 07:29:12 UTC [ERROR] Unable to resolve address for Cassandra:9042
 (src/session.cpp:531)
08-10-2018 07:29:17 UTC [ERROR] Unable to resolve address for Cassandra:9042
 (src/session.cpp:531)
08-10-2018 07:29:23 UTC [ERROR] Unable to resolve address for Cassandra:9042
 (src/session.cpp:531)
08-10-2018 07:29:28 UTC [ERROR] Unable to resolve address for Cassandra:9042
 (src/session.cpp:531)
08-10-2018 07:29:33 UTC [ERROR] Unable to resolve address for Cassandra:9042
 (src/session.cpp:531)
08-10-2018 07:29:39 UTC [ERROR] Unable to resolve address for Cassandra:9042
 (src/session.cpp:531)
08-10-2018 07:29:44 UTC [ERROR] Unable to resolve address for Cassandra:9042
 (src/session.cpp:531)
08-10-2018 07:29:49 UTC [ERROR] Unable to resolve address for Cassandra:9042
 (src/session.cpp:531)
08-10-2018 07:29:55 UTC [ERROR] Unable to resolve address for Cassandra:9042
 (src/session.cpp:531)
08-10-2018 07:30:00 UTC [ERROR] Unable to resolve address for Cassandra:9042
 (src/session.cpp:531)
08-10-2018 07:30:06 UTC [ERROR] Unable to resolve address for Cassandra:9042
 (src/session.cpp:531)
08-10-2018 07:30:11 UTC [ERROR] Unable to resolve address for Cassandra:9042
 (src/session.cpp:531)
08-10-2018 07:30:17 UTC [ERROR] Unable to resolve address for Cassandra:9042
 (src/session.cpp:531)
08-10-2018 07:30:22 UTC [ERROR] Unable to resolve address for Cassandra:9042
 (src/session.cpp:531)
08-10-2018 07:30:28 UTC [ERROR] Unable to resolve address for Cassandra:9042
 (src/session.cpp:531)
08-10-2018 07:30:34 UTC [ERROR] Unable to resolve address for Cassandra:9042
 (src/session.cpp:531)
08-10-2018 07:30:39 UTC [ERROR] Unable to resolve address for Cassandra:9042
 (src/session.cpp:531)
08-10-2018 07:30:44 UTC [ERROR] Unable to resolve address for Cassandra:9042
 (src/session.cpp:531)
08-10-2018 07:30:50 UTC [ERROR] Unable to resolve address for Cassandra:9042
 (src/session.cpp:531)
08-10-2018 07:30:55 UTC [ERROR] Unable to resolve address for Cassandra:9042
 (src/session.cpp:531)
08-10-2018 07:31:00 UTC [ERROR] Unable to resolve address for Cassandra:9042
 (src/session.cpp:531)
08-10-2018 07:31:06 UTC [ERROR] Unable to resolve address for Cassandra:9042
 (src/session.cpp:531)
08-10-2018 07:31:12 UTC [ERROR] Unable to resolve address for Cassandra:9042
 (src/session.cpp:531)
08-10-2018 07:31:20 UTC [ERROR] Unable to resolve address for Cassandra:9042
 (src/session.cpp:531)
08-10-2018 07:31:25 UTC [ERROR] Unable to resolve address for Cassandra:9042
 (src/session.cpp:531)
08-10-2018 07:31:31 UTC [ERROR] Unable to resolve address for Cassandra:9042
 (src/session.cpp:531)
08-10-2018 07:31:36 UTC [ERROR] Unable to resolve address for Cassandra:9042
 (src/session.cpp:531)
08-10-2018 07:31:43 UTC [ERROR] Unable to resolve address for Cassandra:9042
 (src/session.cpp:531)
08-10-2018 07:31:48 UTC [ERROR] Unable to resolve address for Cassandra:9042
 (src/session.cpp:531)
08-10-2018 07:31:54 UTC [ERROR] Unable to resolve address for Cassandra:9042
 (src/session.cpp:531)
08-10-2018 07:31:59 UTC [ERROR] Unable to resolve address for Cassandra:9042
 (src/session.cpp:531)
08-10-2018 07:32:05 UTC [ERROR] Unable to resolve address for Cassandra:9042
 (src/session.cpp:531)
08-10-2018 07:32:10 UTC [ERROR] Unable to resolve address for Cassandra:9042
 (src/session.cpp:531)
08-10-2018 07:32:16 UTC [ERROR] Unable to resolve address for Cassandra:9042
 (src/session.cpp:531)
08-10-2018 07:32:21 UTC [ERROR] Unable to resolve address for Cassandra:9042
 (src/session.cpp:531)
08-10-2018 07:32:26 UTC [ERROR] Unable to resolve address for Cassandra:9042
 (src/session.cpp:531)
08-10-2018 07:32:32 UTC [ERROR] Unable to resolve address for Cassandra:9042
 (src/session.cpp:531)
08-10-2018 07:32:37 UTC [ERROR] Unable to resolve address for Cassandra:9042
 (src/session.cpp:531)
08-10-2018 07:32:43 UTC [ERROR] Unable to resolve address for Cassandra:9042
 (src/session.cpp:531)
08-10-2018 07:32:48 UTC [ERROR] Unable to resolve address for Cassandra:9042
 (src/session.cpp:531)
08-10-2018 07:32:53 UTC [ERROR] Unable to resolve address for Cassandra:9042
 (src/session.cpp:531)
08-10-2018 07:32:58 UTC [ERROR] Unable to resolve address for Cassandra:9042
 (src/session.cpp:531)
08-10-2018 07:33:04 UTC [ERROR] Unable to resolve address for Cassandra:9042
 (src/session.cpp:531)
08-10-2018 07:33:09 UTC [ERROR] Unable to resolve address for Cassandra:9042
 (src/session.cpp:531)
08-10-2018 07:33:15 UTC [ERROR] Unable to resolve address for Cassandra:9042
 (src/session.cpp:531)
08-10-2018 07:33:21 UTC [ERROR] Unable to resolve address for Cassandra:9042
 (src/session.cpp:531)
08-10-2018 07:33:26 UTC [ERROR] Unable to resolve address for Cassandra:9042
 (src/session.cpp:531)
08-10-2018 07:33:32 UTC [ERROR] Unable to resolve address for Cassandra:9042
 (src/session.cpp:531)
08-10-2018 07:33:37 UTC [ERROR] Unable to resolve address for Cassandra:9042
 (src/session.cpp:531)
08-10-2018 07:33:42 UTC [ERROR] Unable to resolve address for Cassandra:9042
 (src/session.cpp:531)
08-10-2018 07:33:49 UTC [ERROR] Unable to resolve address for Cassandra:9042
 (src/session.cpp:531)
08-10-2018 07:33:55 UTC [ERROR] Unable to resolve address for Cassandra:9042
 (src/session.cpp:531)
08-10-2018 07:34:02 UTC [ERROR] Unable to resolve address for Cassandra:9042
 (src/session.cpp:531)
08-10-2018 07:34:20 UTC [ERROR] Unable to resolve address for Cassandra:9042
 (src/session.cpp:531)
08-10-2018 07:34:26 UTC [ERROR] Unable to resolve address for Cassandra:9042
 (src/session.cpp:531)
08-10-2018 07:34:38 UTC [ERROR] Unable to resolve address for Cassandra:9042
 (src/session.cpp:531)
08-10-2018 07:34:42 UTC [ERROR] Unable to resolve address for Cassandra:9042
 (src/session.cpp:531)
08-10-2018 07:34:48 UTC [ERROR] Unable to resolve address for Cassandra:9042
 (src/session.cpp:531)
08-10-2018 07:34:55 UTC [ERROR] Unable to resolve address for Cassandra:9042
 (src/session.cpp:531)
08-10-2018 07:35:06 UTC [ERROR] Unable to resolve address for Cassandra:9042
 (src/session.cpp:531)
08-10-2018 07:35:11 UTC [ERROR] Unable to resolve address for Cassandra:9042
 (src/session.cpp:531)
08-10-2018 07:35:16 UTC [ERROR] Unable to resolve address for Cassandra:9042
 (src/session.cpp:531)
08-10-2018 07:35:21 UTC [ERROR] Unable to resolve address for Cassandra:9042
 (src/session.cpp:531)
08-10-2018 07:35:27 UTC [ERROR] Unable to resolve address for Cassandra:9042
 (src/session.cpp:531)
08-10-2018 07:35:32 UTC [ERROR] Unable to resolve address for Cassandra:9042
 (src/session.cpp:531)
08-10-2018 07:35:38 UTC [ERROR] Unable to resolve address for Cassandra:9042
 (src/session.cpp:531)
08-10-2018 07:35:43 UTC [ERROR] Unable to resolve address for Cassandra:9042
 (src/session.cpp:531)
08-10-2018 07:35:48 UTC [ERROR] Unable to resolve address for Cassandra:9042
 (src/session.cpp:531)
08-10-2018 07:35:54 UTC [ERROR] Unable to resolve address for Cassandra:9042
 (src/session.cpp:531)
08-10-2018 07:35:59 UTC [ERROR] Unable to resolve address for Cassandra:9042
 (src/session.cpp:531)
08-10-2018 07:36:04 UTC [ERROR] Unable to resolve address for Cassandra:9042
 (src/session.cpp:531)
08-10-2018 07:36:10 UTC [ERROR] Unable to resolve address for Cassandra:9042
 (src/session.cpp:531)
08-10-2018 07:36:15 UTC [ERROR] Unable to resolve address for Cassandra:9042
 (src/session.cpp:531)
08-10-2018 07:36:20 UTC [ERROR] Unable to resolve address for Cassandra:9042
 (src/session.cpp:531)
08-10-2018 07:36:26 UTC [ERROR] Unable to resolve address for Cassandra:9042
 (src/session.cpp:531)
08-10-2018 07:38:11 UTC [ERROR] Unable to resolve address for Cassandra:9042
 (src/session.cpp:531)
08-10-2018 07:38:17 UTC [ERROR] Unable to resolve address for Cassandra:9042
 (src/session.cpp:531)
08-10-2018 07:38:23 UTC [ERROR] Unable to resolve address for Cassandra:9042
 (src/session.cpp:531)
08-10-2018 07:38:29 UTC [ERROR] Unable to resolve address for Cassandra:9042
 (src/session.cpp:531)
08-10-2018 07:38:36 UTC [ERROR] Unable to resolve address for Cassandra:9042
 (src/session.cpp:531)
08-10-2018 07:38:45 UTC [ERROR] Unable to resolve address for Cassandra:9042
 (src/session.cpp:531)
08-10-2018 07:38:51 UTC [ERROR] Unable to resolve address for Cassandra:9042
 (src/session.cpp:531)
08-10-2018 07:38:58 UTC [ERROR] Unable to resolve address for Cassandra:9042
 (src/session.cpp:531)
08-10-2018 07:39:03 UTC [ERROR] Unable to resolve address for Cassandra:9042
 (src/session.cpp:531)
08-10-2018 07:39:10 UTC [ERROR] Unable to resolve address for Cassandra:9042
 (src/session.cpp:531)
08-10-2018 07:39:16 UTC [ERROR] Unable to resolve address for Cassandra:9042
 (src/session.cpp:531)
08-10-2018 07:39:21 UTC [ERROR] Unable to resolve address for Cassandra:9042
 (src/session.cpp:531)
08-10-2018 07:39:27 UTC [ERROR] Unable to resolve address for Cassandra:9042
 (src/session.cpp:531)
08-10-2018 07:39:32 UTC [ERROR] Unable to resolve address for Cassandra:9042
 (src/session.cpp:531)
08-10-2018 07:39:38 UTC [ERROR] Unable to resolve address for Cassandra:9042
 (src/session.cpp:531)
08-10-2018 07:39:43 UTC [ERROR] Unable to resolve address for Cassandra:9042
 (src/session.cpp:531)
08-10-2018 07:39:49 UTC [ERROR] Unable to resolve address for Cassandra:9042
 (src/session.cpp:531)
08-10-2018 07:39:54 UTC [ERROR] Unable to resolve address for Cassandra:9042
 (src/session.cpp:531)
08-10-2018 07:39:59 UTC [ERROR] Unable to resolve address for Cassandra:9042
 (src/session.cpp:531)
08-10-2018 07:40:05 UTC [ERROR] Unable to resolve address for Cassandra:9042
 (src/session.cpp:531)
08-10-2018 07:40:10 UTC [ERROR] Unable to resolve address for Cassandra:9042
 (src/session.cpp:531)
08-10-2018 07:40:16 UTC [ERROR] Unable to resolve address for Cassandra:9042
 (src/session.cpp:531)
08-10-2018 07:40:21 UTC [ERROR] Unable to resolve address for Cassandra:9042
 (src/session.cpp:531)
08-10-2018 07:40:26 UTC [ERROR] Unable to resolve address for Cassandra:9042
 (src/session.cpp:531)
08-10-2018 07:40:32 UTC [ERROR] Unable to resolve address for Cassandra:9042
 (src/session.cpp:531)
08-10-2018 07:40:37 UTC [ERROR] Unable to resolve address for Cassandra:9042
 (src/session.cpp:531)
08-10-2018 07:40:43 UTC [ERROR] Unable to resolve address for Cassandra:9042
 (src/session.cpp:531)
08-10-2018 07:40:48 UTC [ERROR] Unable to resolve address for Cassandra:9042
 (src/session.cpp:531)
08-10-2018 07:40:53 UTC [ERROR] Unable to resolve address for Cassandra:9042
 (src/session.cpp:531)
08-10-2018 07:40:59 UTC [ERROR] Unable to resolve address for Cassandra:9042
 (src/session.cpp:531)
08-10-2018 07:41:04 UTC [ERROR] Unable to resolve address for Cassandra:9042
 (src/session.cpp:531)
08-10-2018 07:41:10 UTC [ERROR] Unable to resolve address for Cassandra:9042
 (src/session.cpp:531)
08-10-2018 07:41:15 UTC [ERROR] Unable to resolve address for Cassandra:9042
 (src/session.cpp:531)
08-10-2018 07:41:20 UTC [ERROR] Unable to resolve address for Cassandra:9042
 (src/session.cpp:531)
08-10-2018 07:41:26 UTC [ERROR] Unable to resolve address for Cassandra:9042
 (src/session.cpp:531)
08-10-2018 07:41:32 UTC [ERROR] Unable to resolve address for Cassandra:9042
 (src/session.cpp:531)
08-10-2018 07:41:37 UTC [ERROR] Unable to resolve address for Cassandra:9042
 (src/session.cpp:531)
08-10-2018 07:41:43 UTC [ERROR] Unable to resolve address for Cassandra:9042
 (src/session.cpp:531)
08-10-2018 07:41:48 UTC [ERROR] Unable to resolve address for Cassandra:9042
 (src/session.cpp:531)
08-10-2018 07:41:54 UTC [ERROR] Unable to resolve address for Cassandra:9042
 (src/session.cpp:531)
08-10-2018 07:41:59 UTC [ERROR] Unable to resolve address for Cassandra:9042
 (src/session.cpp:531)
08-10-2018 07:42:05 UTC [ERROR] Unable to resolve address for Cassandra:9042
 (src/session.cpp:531)
08-10-2018 07:42:10 UTC [ERROR] Unable to resolve address for Cassandra:9042
 (src/session.cpp:531)
08-10-2018 07:42:16 UTC [ERROR] Unable to resolve address for Cassandra:9042
 (src/session.cpp:531)
08-10-2018 07:42:21 UTC [ERROR] Unable to resolve address for Cassandra:9042
 (src/session.cpp:531)
08-10-2018 07:42:26 UTC [ERROR] Unable to resolve address for Cassandra:9042
 (src/session.cpp:531)
08-10-2018 07:42:28 UTC [ERROR] Unable to resolve address for Cassandra:9042
 (src/session.cpp:531)
08-10-2018 07:42:32 UTC [ERROR] Unable to resolve address for Cassandra:9042
 (src/session.cpp:531)
08-10-2018 07:42:37 UTC [ERROR] Unable to resolve address for Cassandra:9042
 (src/session.cpp:531)
08-10-2018 07:42:42 UTC [ERROR] Unable to resolve address for Cassandra:9042
 (src/session.cpp:531)
08-10-2018 07:42:48 UTC [ERROR] Unable to resolve address for Cassandra:9042
 (src/session.cpp:531)
08-10-2018 07:42:53 UTC [ERROR] Unable to resolve address for Cassandra:9042
 (src/session.cpp:531)
08-10-2018 07:42:58 UTC [ERROR] Unable to resolve address for Cassandra:9042
 (src/session.cpp:531)
08-10-2018 07:43:04 UTC [ERROR] Unable to resolve address for Cassandra:9042
 (src/session.cpp:531)
08-10-2018 07:43:09 UTC [ERROR] Unable to resolve address for Cassandra:9042
 (src/session.cpp:531)
08-10-2018 07:43:14 UTC [ERROR] Unable to resolve address for Cassandra:9042
 (src/session.cpp:531)
08-10-2018 07:43:20 UTC [ERROR] Unable to resolve address for Cassandra:9042
 (src/session.cpp:531)
08-10-2018 07:43:25 UTC [ERROR] Unable to resolve address for Cassandra:9042
 (src/session.cpp:531)
08-10-2018 07:43:30 UTC [ERROR] Unable to resolve address for Cassandra:9042
 (src/session.cpp:531)
08-10-2018 07:43:34 UTC [ERROR] Unable to resolve address for Cassandra:9042
 (src/session.cpp:531)
08-10-2018 07:43:35 UTC [ERROR] Unable to resolve address for Cassandra:9042
 (src/session.cpp:531)
08-10-2018 07:43:36 UTC [ERROR] Unable to resolve address for Cassandra:9042
 (src/session.cpp:531)
08-10-2018 07:43:36 UTC [ERROR] Unable to resolve address for Cassandra:9042
 (src/session.cpp:531)
08-10-2018 07:43:36 UTC [ERROR] Unable to resolve address for Cassandra:9042
 (src/session.cpp:531)
08-10-2018 07:43:41 UTC [ERROR] Unable to resolve address for Cassandra:9042
 (src/session.cpp:531)
08-10-2018 07:43:46 UTC [ERROR] Unable to resolve address for Cassandra:9042
 (src/session.cpp:531)
08-10-2018 07:43:52 UTC [ERROR] Unable to resolve address for Cassandra:9042
 (src/session.cpp:531)
08-10-2018 07:43:57 UTC [ERROR] Unable to resolve address for Cassandra:9042
 (src/session.cpp:531)
08-10-2018 07:44:02 UTC [ERROR] Unable to resolve address for Cassandra:9042
 (src/session.cpp:531)
08-10-2018 07:44:08 UTC [ERROR] Unable to resolve address for Cassandra:9042
 (src/session.cpp:531)
08-10-2018 07:44:13 UTC [ERROR] Unable to resolve address for Cassandra:9042
 (src/session.cpp:531)
08-10-2018 07:44:19 UTC [ERROR] Unable to resolve address for Cassandra:9042
 (src/session.cpp:531)
08-10-2018 07:44:21 UTC [ERROR] Unable to resolve address for Cassandra:9042
 (src/session.cpp:531)
08-10-2018 07:44:22 UTC [ERROR] Unable to resolve address for Cassandra:9042
 (src/session.cpp:531)
08-10-2018 07:44:23 UTC [ERROR] Unable to resolve address for Cassandra:9042
 (src/session.cpp:531)
08-10-2018 07:44:23 UTC [ERROR] Unable to resolve address for Cassandra:9042
 (src/session.cpp:531)
08-10-2018 07:44:24 UTC [ERROR] Unable to resolve address for Cassandra:9042
 (src/session.cpp:531)
08-10-2018 07:44:29 UTC [ERROR] Unable to resolve address for Cassandra:9042
 (src/session.cpp:531)
08-10-2018 07:44:35 UTC [ERROR] Unable to resolve address for Cassandra:9042
 (src/session.cpp:531)
08-10-2018 07:44:40 UTC [ERROR] Unable to resolve address for Cassandra:9042
 (src/session.cpp:531)
08-10-2018 07:44:42 UTC [ERROR] Unable to resolve address for Cassandra:9042
 (src/session.cpp:531)
08-10-2018 07:44:43 UTC [ERROR] Unable to resolve address for Cassandra:9042
 (src/session.cpp:531)
08-10-2018 07:44:43 UTC [ERROR] Unable to resolve address for Cassandra:9042
 (src/session.cpp:531)
08-10-2018 07:44:44 UTC [ERROR] Unable to resolve address for Cassandra:9042
 (src/session.cpp:531)
08-10-2018 07:44:44 UTC [ERROR] Unable to resolve address for Cassandra:9042
 (src/session.cpp:531)
08-10-2018 07:44:45 UTC [ERROR] Unable to resolve address for Cassandra:9042
 (src/session.cpp:531)
08-10-2018 07:44:45 UTC [ERROR] Unable to resolve address for Cassandra:9042
 (src/session.cpp:531)
08-10-2018 07:44:45 UTC [ERROR] Unable to resolve address for Cassandra:9042
 (src/session.cpp:531)
08-10-2018 07:44:46 UTC [ERROR] Unable to resolve address for Cassandra:9042
 (src/session.cpp:531)
08-10-2018 07:44:46 UTC [ERROR] Unable to resolve address for Cassandra:9042
 (src/session.cpp:531)
08-10-2018 07:44:46 UTC [ERROR] Unable to resolve address for Cassandra:9042
 (src/session.cpp:531)
08-10-2018 07:44:46 UTC [ERROR] Unable to resolve address for Cassandra:9042
 (src/session.cpp:531)
08-10-2018 07:44:46 UTC [ERROR] Unable to resolve address for Cassandra:9042
 (src/session.cpp:531)
08-10-2018 07:44:47 UTC [ERROR] Unable to resolve address for Cassandra:9042
 (src/session.cpp:531)
08-10-2018 07:44:47 UTC [ERROR] Unable to resolve address for Cassandra:9042
 (src/session.cpp:531)
08-10-2018 07:44:47 UTC [ERROR] Unable to resolve address for Cassandra:9042
 (src/session.cpp:531)
08-10-2018 07:44:51 UTC [ERROR] Unable to resolve address for Cassandra:9042
 (src/session.cpp:531)
08-10-2018 07:44:56 UTC [ERROR] Unable to resolve address for Cassandra:9042
 (src/session.cpp:531)
08-10-2018 07:45:02 UTC [ERROR] Unable to resolve address for Cassandra:9042
 (src/session.cpp:531)
08-10-2018 07:45:07 UTC [ERROR] Unable to resolve address for Cassandra:9042
 (src/session.cpp:531)
08-10-2018 07:45:12 UTC [ERROR] Unable to resolve address for Cassandra:9042
 (src/session.cpp:531)
08-10-2018 07:45:16 UTC [ERROR] Unable to resolve address for Cassandra:9042
 (src/session.cpp:531)
08-10-2018 07:45:17 UTC [ERROR] Unable to resolve address for Cassandra:9042
 (src/session.cpp:531)
08-10-2018 07:45:17 UTC [ERROR] Unable to resolve address for Cassandra:9042
 (src/session.cpp:531)
08-10-2018 07:45:17 UTC [ERROR] Unable to resolve address for Cassandra:9042
 (src/session.cpp:531)
08-10-2018 07:45:17 UTC [ERROR] Unable to resolve address for Cassandra:9042
 (src/session.cpp:531)
08-10-2018 07:45:18 UTC [ERROR] Unable to resolve address for Cassandra:9042
 (src/session.cpp:531)
08-10-2018 07:45:18 UTC [ERROR] Unable to resolve address for Cassandra:9042
 (src/session.cpp:531)
08-10-2018 07:45:18 UTC [ERROR] Unable to resolve address for Cassandra:9042
 (src/session.cpp:531)
08-10-2018 07:45:18 UTC [ERROR] Unable to resolve address for Cassandra:9042
 (src/session.cpp:531)
08-10-2018 07:45:19 UTC [ERROR] Unable to resolve address for Cassandra:9042
 (src/session.cpp:531)
08-10-2018 07:45:23 UTC [ERROR] Unable to resolve address for Cassandra:9042
 (src/session.cpp:531)
08-10-2018 07:45:28 UTC [ERROR] Unable to resolve address for Cassandra:9042
 (src/session.cpp:531)
08-10-2018 07:45:33 UTC [ERROR] Unable to resolve address for Cassandra:9042
 (src/session.cpp:531)
08-10-2018 07:45:39 UTC [ERROR] Unable to resolve address for Cassandra:9042
 (src/session.cpp:531)
08-10-2018 07:45:44 UTC [ERROR] Unable to resolve address for Cassandra:9042
 (src/session.cpp:531)
08-10-2018 07:45:50 UTC [ERROR] Unable to resolve address for Cassandra:9042
 (src/session.cpp:531)
08-10-2018 07:45:55 UTC [ERROR] Unable to resolve address for Cassandra:9042
 (src/session.cpp:531)
08-10-2018 07:46:00 UTC [ERROR] Unable to resolve address for Cassandra:9042
 (src/session.cpp:531)
08-10-2018 07:46:06 UTC [ERROR] Unable to resolve address for Cassandra:9042
 (src/session.cpp:531)
08-10-2018 07:46:11 UTC [ERROR] Unable to resolve address for Cassandra:9042
 (src/session.cpp:531)
08-10-2018 07:46:16 UTC [ERROR] Unable to resolve address for Cassandra:9042
 (src/session.cpp:531)
08-10-2018 07:46:22 UTC [ERROR] Unable to resolve address for Cassandra:9042
 (src/session.cpp:531)
08-10-2018 07:46:27 UTC [ERROR] Unable to resolve address for Cassandra:9042
 (src/session.cpp:531)
08-10-2018 07:46:33 UTC [ERROR] Unable to resolve address for Cassandra:9042
 (src/session.cpp:531)
08-10-2018 07:46:38 UTC [ERROR] Unable to resolve address for Cassandra:9042
 (src/session.cpp:531)
08-10-2018 07:46:43 UTC [ERROR] Unable to resolve address for Cassandra:9042
 (src/session.cpp:531)
08-10-2018 07:46:48 UTC [ERROR] Unable to resolve address for Cassandra:9042
 (src/session.cpp:531)
08-10-2018 07:46:54 UTC [ERROR] Unable to resolve address for Cassandra:9042
 (src/session.cpp:531)
08-10-2018 07:46:59 UTC [ERROR] Unable to resolve address for Cassandra:9042
 (src/session.cpp:531)
08-10-2018 07:47:05 UTC [ERROR] Unable to resolve address for Cassandra:9042
 (src/session.cpp:531)
08-10-2018 07:47:10 UTC [ERROR] Unable to resolve address for Cassandra:9042
 (src/session.cpp:531)
08-10-2018 07:47:16 UTC [ERROR] Unable to resolve address for Cassandra:9042
 (src/session.cpp:531)
08-10-2018 07:47:21 UTC [ERROR] Unable to resolve address for Cassandra:9042
 (src/session.cpp:531)
08-10-2018 07:47:26 UTC [ERROR] Unable to resolve address for Cassandra:9042
 (src/session.cpp:531)
08-10-2018 07:47:32 UTC [ERROR] Unable to resolve address for Cassandra:9042
 (src/session.cpp:531)
08-10-2018 07:47:37 UTC [ERROR] Unable to resolve address for Cassandra:9042
 (src/session.cpp:531)
08-10-2018 07:47:42 UTC [ERROR] Unable to resolve address for Cassandra:9042
 (src/session.cpp:531)
08-10-2018 07:48:02 UTC [ERROR] Unable to resolve address for Cassandra:9042
 (src/session.cpp:531)
08-10-2018 07:48:04 UTC [ERROR] Unable to resolve address for Cassandra:9042
 (src/session.cpp:531)
08-10-2018 07:48:09 UTC [ERROR] Unable to resolve address for Cassandra:9042
 (src/session.cpp:531)
08-10-2018 07:48:15 UTC [ERROR] Unable to resolve address for Cassandra:9042
 (src/session.cpp:531)
08-10-2018 07:48:20 UTC [ERROR] Unable to resolve address for Cassandra:9042
 (src/session.cpp:531)
08-10-2018 07:48:26 UTC [ERROR] Unable to resolve address for Cassandra:9042
 (src/session.cpp:531)
08-10-2018 07:48:31 UTC [ERROR] Unable to resolve address for Cassandra:9042
 (src/session.cpp:531)
08-10-2018 07:48:33 UTC [ERROR] Unable to resolve address for Cassandra:9042
 (src/session.cpp:531)
08-10-2018 07:48:37 UTC [ERROR] Unable to resolve address for Cassandra:9042
 (src/session.cpp:531)
08-10-2018 07:50:22 UTC [ERROR] Closing established connection pool to host 172.29.0.4 because of the following error: Read error 'connection reset by peer' (src/pool.cpp:384)
08-10-2018 07:50:22 UTC [ERROR] Closing established connection pool to host 172.29.0.4 because of the following error: Read error 'connection reset by peer' (src/pool.cpp:384)
08-10-2018 07:50:22 UTC [ERROR] Closing established connection pool to host 172.29.0.4 because of the following error: Read error 'connection reset by peer' (src/pool.cpp:384)
08-10-2018 07:50:22 UTC [ERROR] Closing established connection pool to host 172.29.0.4 because of the following error: Read error 'connection reset by peer' (src/pool.cpp:384)
08-10-2018 07:50:22 UTC [ERROR] Closing established connection pool to host 172.29.0.4 because of the following error: Read error 'connection reset by peer' (src/pool.cpp:384)
08-10-2018 07:50:22 UTC [ERROR] Closing established connection pool to host 172.29.0.4 because of the following error: Read error 'connection reset by peer' (src/pool.cpp:384)
08-10-2018 07:50:22 UTC [ERROR] Closing established connection pool to host 172.29.0.4 because of the following error: Read error 'connection reset by peer' (src/pool.cpp:384)
08-10-2018 07:50:22 UTC [ERROR] Closing established connection pool to host 172.29.0.4 because of the following error: Read error 'connection reset by peer' (src/pool.cpp:384)
08-10-2018 07:50:22 UTC [ERROR] Closing established connection pool to host 172.29.0.4 because of the following error: Read error 'connection reset by peer' (src/pool.cpp:384)
08-10-2018 07:55:09 UTC [ERROR] Unable to resolve address for cassandra:9042
 (src/session.cpp:531)
08-10-2018 07:55:14 UTC [ERROR] Unable to resolve address for cassandra:9042
 (src/session.cpp:531)
08-10-2018 07:55:20 UTC [ERROR] Unable to resolve address for cassandra:9042
 (src/session.cpp:531)
08-10-2018 07:55:26 UTC [ERROR] Unable to resolve address for cassandra:9042
 (src/session.cpp:531)
08-10-2018 07:55:32 UTC [ERROR] Unable to resolve address for cassandra:9042
 (src/session.cpp:531)
08-10-2018 07:55:37 UTC [ERROR] Unable to resolve address for cassandra:9042
 (src/session.cpp:531)
08-10-2018 07:55:42 UTC [ERROR] Unable to resolve address for cassandra:9042
 (src/session.cpp:531)
08-10-2018 07:55:48 UTC [ERROR] Unable to resolve address for cassandra:9042
 (src/session.cpp:531)
08-10-2018 07:55:53 UTC [ERROR] Unable to resolve address for cassandra:9042
 (src/session.cpp:531)
08-10-2018 07:55:58 UTC [ERROR] Unable to resolve address for cassandra:9042
 (src/session.cpp:531)
08-10-2018 07:56:04 UTC [ERROR] Unable to resolve address for cassandra:9042
 (src/session.cpp:531)
08-10-2018 07:56:09 UTC [ERROR] Unable to resolve address for cassandra:9042
 (src/session.cpp:531)
08-10-2018 07:56:28 UTC [ERROR] Unable to resolve address for cassandra:9042
 (src/session.cpp:531)
08-10-2018 07:56:34 UTC [ERROR] Unable to resolve address for cassandra:9042
 (src/session.cpp:531)
08-10-2018 07:56:39 UTC [ERROR] Unable to resolve address for cassandra:9042
 (src/session.cpp:531)
08-10-2018 07:56:44 UTC [ERROR] Unable to resolve address for cassandra:9042
 (src/session.cpp:531)
08-10-2018 07:56:49 UTC [ERROR] Unable to resolve address for cassandra:9042
 (src/session.cpp:531)
08-10-2018 07:56:55 UTC [ERROR] Unable to resolve address for cassandra:9042
 (src/session.cpp:531)
08-10-2018 07:57:00 UTC [ERROR] Unable to resolve address for cassandra:9042
 (src/session.cpp:531)
08-10-2018 07:57:05 UTC [ERROR] Unable to resolve address for cassandra:9042
 (src/session.cpp:531)
08-10-2018 07:57:11 UTC [ERROR] Unable to resolve address for cassandra:9042
 (src/session.cpp:531)
08-10-2018 07:57:16 UTC [ERROR] Unable to resolve address for cassandra:9042
 (src/session.cpp:531)
08-10-2018 07:57:22 UTC [ERROR] Unable to resolve address for cassandra:9042
 (src/session.cpp:531)
08-10-2018 07:57:27 UTC [ERROR] Unable to resolve address for cassandra:9042
 (src/session.cpp:531)
08-10-2018 07:57:33 UTC [ERROR] Unable to resolve address for cassandra:9042
 (src/session.cpp:531)
08-10-2018 07:57:38 UTC [ERROR] Unable to resolve address for cassandra:9042
 (src/session.cpp:531)
08-10-2018 07:57:44 UTC [ERROR] Unable to resolve address for cassandra:9042
 (src/session.cpp:531)
08-10-2018 07:57:49 UTC [ERROR] Unable to resolve address for cassandra:9042
 (src/session.cpp:531)
08-10-2018 07:57:54 UTC [ERROR] Unable to resolve address for cassandra:9042
 (src/session.cpp:531)
08-10-2018 07:58:00 UTC [ERROR] Unable to resolve address for cassandra:9042
 (src/session.cpp:531)
08-10-2018 07:58:05 UTC [ERROR] Unable to resolve address for cassandra:9042
 (src/session.cpp:531)
08-10-2018 07:58:10 UTC [ERROR] Unable to resolve address for cassandra:9042
 (src/session.cpp:531)
08-10-2018 07:58:15 UTC [ERROR] Unable to resolve address for cassandra:9042
 (src/session.cpp:531)
08-10-2018 07:58:21 UTC [ERROR] Unable to resolve address for cassandra:9042
 (src/session.cpp:531)
08-10-2018 07:58:26 UTC [ERROR] Unable to resolve address for cassandra:9042
 (src/session.cpp:531)
08-10-2018 07:58:32 UTC [ERROR] Unable to resolve address for cassandra:9042
 (src/session.cpp:531)
08-10-2018 07:58:37 UTC [ERROR] Unable to resolve address for cassandra:9042
 (src/session.cpp:531)
08-10-2018 07:58:42 UTC [ERROR] Unable to resolve address for cassandra:9042
 (src/session.cpp:531)
08-10-2018 07:58:48 UTC [ERROR] Unable to resolve address for cassandra:9042
 (src/session.cpp:531)
08-10-2018 07:58:53 UTC [ERROR] Unable to resolve address for cassandra:9042
 (src/session.cpp:531)
08-10-2018 07:58:58 UTC [ERROR] Unable to resolve address for cassandra:9042
 (src/session.cpp:531)
08-10-2018 07:59:04 UTC [ERROR] Unable to resolve address for cassandra:9042
 (src/session.cpp:531)
08-10-2018 07:59:09 UTC [ERROR] Unable to resolve address for cassandra:9042
 (src/session.cpp:531)
08-10-2018 07:59:14 UTC [ERROR] Unable to resolve address for cassandra:9042
 (src/session.cpp:531)
08-10-2018 07:59:20 UTC [ERROR] Unable to resolve address for cassandra:9042
 (src/session.cpp:531)
08-10-2018 07:59:25 UTC [ERROR] Unable to resolve address for cassandra:9042
 (src/session.cpp:531)
08-10-2018 07:59:31 UTC [ERROR] Unable to resolve address for cassandra:9042
 (src/session.cpp:531)
08-10-2018 07:59:36 UTC [ERROR] Unable to resolve address for cassandra:9042
 (src/session.cpp:531)
08-10-2018 07:59:44 UTC [ERROR] Unable to resolve address for cassandra:9042
 (src/session.cpp:531)
08-10-2018 07:59:49 UTC [ERROR] Unable to resolve address for cassandra:9042
 (src/session.cpp:531)
08-10-2018 07:59:55 UTC [ERROR] Unable to resolve address for cassandra:9042
 (src/session.cpp:531)
08-10-2018 08:00:00 UTC [ERROR] Unable to resolve address for cassandra:9042
 (src/session.cpp:531)
08-10-2018 08:00:05 UTC [ERROR] Unable to resolve address for cassandra:9042
 (src/session.cpp:531)
08-10-2018 08:00:11 UTC [ERROR] Unable to resolve address for cassandra:9042
 (src/session.cpp:531)
08-10-2018 08:00:16 UTC [ERROR] Unable to resolve address for cassandra:9042
 (src/session.cpp:531)
08-10-2018 08:00:22 UTC [ERROR] Unable to resolve address for cassandra:9042
 (src/session.cpp:531)
08-10-2018 08:00:27 UTC [ERROR] Unable to resolve address for cassandra:9042
 (src/session.cpp:531)
08-10-2018 08:00:33 UTC [ERROR] Unable to resolve address for cassandra:9042
 (src/session.cpp:531)
08-10-2018 08:00:38 UTC [ERROR] Unable to resolve address for cassandra:9042
 (src/session.cpp:531)
08-10-2018 08:00:43 UTC [ERROR] Unable to resolve address for cassandra:9042
 (src/session.cpp:531)
08-10-2018 08:00:49 UTC [ERROR] Unable to resolve address for cassandra:9042
 (src/session.cpp:531)
08-10-2018 08:01:13 UTC [ERROR] Unable to establish a control connection to host 172.30.0.6 because of the following error: Connect error 'connection refused' (src/control_connection.cpp:263)
08-10-2018 08:01:18 UTC [ERROR] Unable to establish a control connection to host 172.30.0.6 because of the following error: Connect error 'connection refused' (src/control_connection.cpp:263)
08-10-2018 08:01:25 UTC [ERROR] Connection pool was unable to connect to host 172.30.0.6 because of the following error: Received error response 'Keyspace 'cass_db' does not exist' (0x02002200) (src/pool.cpp:388)
08-10-2018 08:01:30 UTC [ERROR] Connection pool was unable to connect to host 172.30.0.6 because of the following error: Received error response 'Keyspace 'cass_db' does not exist' (0x02002200) (src/pool.cpp:388)
08-10-2018 08:01:36 UTC [ERROR] Connection pool was unable to connect to host 172.30.0.6 because of the following error: Received error response 'Keyspace 'cass_db' does not exist' (0x02002200) (src/pool.cpp:388)
08-10-2018 08:01:42 UTC [ERROR] Connection pool was unable to connect to host 172.30.0.6 because of the following error: Received error response 'Keyspace 'cass_db' does not exist' (0x02002200) (src/pool.cpp:388)
08-10-2018 08:01:47 UTC [ERROR] Connection pool was unable to connect to host 172.30.0.6 because of the following error: Received error response 'Keyspace 'cass_db' does not exist' (0x02002200) (src/pool.cpp:388)
08-10-2018 08:01:53 UTC [ERROR] Connection pool was unable to connect to host 172.30.0.6 because of the following error: Received error response 'Keyspace 'cass_db' does not exist' (0x02002200) (src/pool.cpp:388)
08-10-2018 08:01:58 UTC [ERROR] Connection pool was unable to connect to host 172.30.0.6 because of the following error: Received error response 'Keyspace 'cass_db' does not exist' (0x02002200) (src/pool.cpp:388)
08-10-2018 08:02:04 UTC [ERROR] Connection pool was unable to connect to host 172.30.0.6 because of the following error: Received error response 'Keyspace 'cass_db' does not exist' (0x02002200) (src/pool.cpp:388)
08-10-2018 08:02:09 UTC [ERROR] Connection pool was unable to connect to host 172.30.0.6 because of the following error: Received error response 'Keyspace 'cass_db' does not exist' (0x02002200) (src/pool.cpp:388)
08-10-2018 08:02:14 UTC [ERROR] Connection pool was unable to connect to host 172.30.0.6 because of the following error: Received error response 'Keyspace 'cass_db' does not exist' (0x02002200) (src/pool.cpp:388)
08-10-2018 08:02:20 UTC [ERROR] Connection pool was unable to connect to host 172.30.0.6 because of the following error: Received error response 'Keyspace 'cass_db' does not exist' (0x02002200) (src/pool.cpp:388)
08-10-2018 08:02:25 UTC [ERROR] Connection pool was unable to connect to host 172.30.0.6 because of the following error: Received error response 'Keyspace 'cass_db' does not exist' (0x02002200) (src/pool.cpp:388)
08-10-2018 08:02:31 UTC [ERROR] Connection pool was unable to connect to host 172.30.0.6 because of the following error: Received error response 'Keyspace 'cass_db' does not exist' (0x02002200) (src/pool.cpp:388)
08-10-2018 08:02:36 UTC [ERROR] Connection pool was unable to connect to host 172.30.0.6 because of the following error: Received error response 'Keyspace 'cass_db' does not exist' (0x02002200) (src/pool.cpp:388)
08-10-2018 08:02:42 UTC [ERROR] Connection pool was unable to connect to host 172.30.0.7 because of the following error: Connect error 'connection refused' (src/pool.cpp:388)
08-10-2018 08:02:42 UTC [ERROR] Connection pool was unable to connect to host 172.30.0.6 because of the following error: Received error response 'Keyspace 'cass_db' does not exist' (0x02002200) (src/pool.cpp:388)
08-10-2018 08:02:47 UTC [ERROR] Connection pool was unable to connect to host 172.30.0.6 because of the following error: Received error response 'Keyspace 'cass_db' does not exist' (0x02002200) (src/pool.cpp:388)
08-10-2018 08:02:53 UTC [ERROR] Connection pool was unable to connect to host 172.30.0.6 because of the following error: Received error response 'Keyspace 'cass_db' does not exist' (0x02002200) (src/pool.cpp:388)
08-10-2018 08:02:58 UTC [ERROR] Connection pool was unable to connect to host 172.30.0.6 because of the following error: Received error response 'Keyspace 'cass_db' does not exist' (0x02002200) (src/pool.cpp:388)
08-10-2018 08:03:04 UTC [ERROR] Connection pool was unable to connect to host 172.30.0.6 because of the following error: Received error response 'Keyspace 'cass_db' does not exist' (0x02002200) (src/pool.cpp:388)
08-10-2018 08:03:09 UTC [ERROR] Connection pool was unable to connect to host 172.30.0.6 because of the following error: Received error response 'Keyspace 'cass_db' does not exist' (0x02002200) (src/pool.cpp:388)
08-10-2018 08:03:15 UTC [ERROR] Connection pool was unable to connect to host 172.30.0.6 because of the following error: Received error response 'Keyspace 'cass_db' does not exist' (0x02002200) (src/pool.cpp:388)
08-10-2018 08:03:20 UTC [ERROR] Connection pool was unable to connect to host 172.30.0.7 because of the following error: Received error response 'Keyspace 'cass_db' does not exist' (0x02002200) (src/pool.cpp:388)
08-10-2018 08:03:20 UTC [ERROR] Connection pool was unable to connect to host 172.30.0.6 because of the following error: Received error response 'Keyspace 'cass_db' does not exist' (0x02002200) (src/pool.cpp:388)
08-10-2018 08:03:25 UTC [ERROR] Connection pool was unable to connect to host 172.30.0.7 because of the following error: Received error response 'Keyspace 'cass_db' does not exist' (0x02002200) (src/pool.cpp:388)
08-10-2018 08:03:31 UTC [ERROR] Connection pool was unable to connect to host 172.30.0.7 because of the following error: Received error response 'Keyspace 'cass_db' does not exist' (0x02002200) (src/pool.cpp:388)
08-10-2018 08:03:36 UTC [ERROR] Connection pool was unable to connect to host 172.30.0.6 because of the following error: Received error response 'Keyspace 'cass_db' does not exist' (0x02002200) (src/pool.cpp:388)
08-10-2018 08:03:36 UTC [ERROR] Connection pool was unable to connect to host 172.30.0.7 because of the following error: Received error response 'Keyspace 'cass_db' does not exist' (0x02002200) (src/pool.cpp:388)
08-10-2018 08:03:41 UTC [ERROR] Connection pool was unable to connect to host 172.30.0.6 because of the following error: Received error response 'Keyspace 'cass_db' does not exist' (0x02002200) (src/pool.cpp:388)
08-10-2018 08:03:41 UTC [ERROR] Connection pool was unable to connect to host 172.30.0.7 because of the following error: Received error response 'Keyspace 'cass_db' does not exist' (0x02002200) (src/pool.cpp:388)
08-10-2018 08:03:47 UTC [ERROR] Connection pool was unable to connect to host 172.30.0.7 because of the following error: Received error response 'Keyspace 'cass_db' does not exist' (0x02002200) (src/pool.cpp:388)
08-10-2018 08:03:52 UTC [ERROR] Connection pool was unable to connect to host 172.30.0.6 because of the following error: Received error response 'Keyspace 'cass_db' does not exist' (0x02002200) (src/pool.cpp:388)
08-10-2018 08:03:52 UTC [ERROR] Connection pool was unable to connect to host 172.30.0.7 because of the following error: Received error response 'Keyspace 'cass_db' does not exist' (0x02002200) (src/pool.cpp:388)
08-10-2018 08:03:58 UTC [ERROR] Connection pool was unable to connect to host 172.30.0.7 because of the following error: Received error response 'Keyspace 'cass_db' does not exist' (0x02002200) (src/pool.cpp:388)
08-10-2018 08:04:03 UTC [ERROR] Connection pool was unable to connect to host 172.30.0.7 because of the following error: Received error response 'Keyspace 'cass_db' does not exist' (0x02002200) (src/pool.cpp:388)
08-10-2018 08:04:08 UTC [ERROR] Connection pool was unable to connect to host 172.30.0.6 because of the following error: Received error response 'Keyspace 'cass_db' does not exist' (0x02002200) (src/pool.cpp:388)
08-10-2018 08:04:08 UTC [ERROR] Connection pool was unable to connect to host 172.30.0.7 because of the following error: Received error response 'Keyspace 'cass_db' does not exist' (0x02002200) (src/pool.cpp:388)
08-10-2018 08:04:14 UTC [ERROR] Connection pool was unable to connect to host 172.30.0.7 because of the following error: Received error response 'Keyspace 'cass_db' does not exist' (0x02002200) (src/pool.cpp:388)
08-10-2018 08:04:19 UTC [ERROR] Connection pool was unable to connect to host 172.30.0.6 because of the following error: Received error response 'Keyspace 'cass_db' does not exist' (0x02002200) (src/pool.cpp:388)
08-10-2018 08:04:19 UTC [ERROR] Connection pool was unable to connect to host 172.30.0.7 because of the following error: Received error response 'Keyspace 'cass_db' does not exist' (0x02002200) (src/pool.cpp:388)
08-10-2018 08:04:24 UTC [ERROR] Connection pool was unable to connect to host 172.30.0.6 because of the following error: Received error response 'Keyspace 'cass_db' does not exist' (0x02002200) (src/pool.cpp:388)
08-10-2018 08:04:24 UTC [ERROR] Connection pool was unable to connect to host 172.30.0.7 because of the following error: Received error response 'Keyspace 'cass_db' does not exist' (0x02002200) (src/pool.cpp:388)
08-10-2018 08:04:30 UTC [ERROR] Connection pool was unable to connect to host 172.30.0.7 because of the following error: Received error response 'Keyspace 'cass_db' does not exist' (0x02002200) (src/pool.cpp:388)
08-10-2018 08:04:35 UTC [ERROR] Connection pool was unable to connect to host 172.30.0.7 because of the following error: Received error response 'Keyspace 'cass_db' does not exist' (0x02002200) (src/pool.cpp:388)
08-10-2018 08:04:35 UTC [ERROR] Connection pool was unable to connect to host 172.30.0.6 because of the following error: Received error response 'Keyspace 'cass_db' does not exist' (0x02002200) (src/pool.cpp:388)
08-10-2018 08:04:41 UTC [ERROR] Connection pool was unable to connect to host 172.30.0.7 because of the following error: Received error response 'Keyspace 'cass_db' does not exist' (0x02002200) (src/pool.cpp:388)
08-10-2018 08:04:46 UTC [ERROR] Connection pool was unable to connect to host 172.30.0.6 because of the following error: Received error response 'Keyspace 'cass_db' does not exist' (0x02002200) (src/pool.cpp:388)
08-10-2018 08:04:51 UTC [ERROR] Connection pool was unable to connect to host 172.30.0.7 because of the following error: Received error response 'Keyspace 'cass_db' does not exist' (0x02002200) (src/pool.cpp:388)
08-10-2018 08:04:51 UTC [ERROR] Connection pool was unable to connect to host 172.30.0.6 because of the following error: Received error response 'Keyspace 'cass_db' does not exist' (0x02002200) (src/pool.cpp:388)
08-10-2018 08:04:57 UTC [ERROR] Connection pool was unable to connect to host 172.30.0.6 because of the following error: Received error response 'Keyspace 'cass_db' does not exist' (0x02002200) (src/pool.cpp:388)
08-10-2018 08:05:02 UTC [ERROR] Connection pool was unable to connect to host 172.30.0.7 because of the following error: Received error response 'Keyspace 'cass_db' does not exist' (0x02002200) (src/pool.cpp:388)
08-10-2018 08:05:07 UTC [ERROR] Connection pool was unable to connect to host 172.30.0.7 because of the following error: Received error response 'Keyspace 'cass_db' does not exist' (0x02002200) (src/pool.cpp:388)
08-10-2018 08:05:07 UTC [ERROR] Connection pool was unable to connect to host 172.30.0.6 because of the following error: Received error response 'Keyspace 'cass_db' does not exist' (0x02002200) (src/pool.cpp:388)
08-10-2018 08:05:12 UTC [ERROR] Connection pool was unable to connect to host 172.30.0.6 because of the following error: Received error response 'Keyspace 'cass_db' does not exist' (0x02002200) (src/pool.cpp:388)
08-10-2018 08:05:18 UTC [ERROR] Connection pool was unable to connect to host 172.30.0.6 because of the following error: Received error response 'Keyspace 'cass_db' does not exist' (0x02002200) (src/pool.cpp:388)
08-10-2018 08:05:23 UTC [ERROR] Connection pool was unable to connect to host 172.30.0.6 because of the following error: Received error response 'Keyspace 'cass_db' does not exist' (0x02002200) (src/pool.cpp:388)
08-10-2018 08:05:28 UTC [ERROR] Connection pool was unable to connect to host 172.30.0.6 because of the following error: Received error response 'Keyspace 'cass_db' does not exist' (0x02002200) (src/pool.cpp:388)
08-10-2018 08:05:28 UTC [ERROR] Connection pool was unable to connect to host 172.30.0.7 because of the following error: Received error response 'Keyspace 'cass_db' does not exist' (0x02002200) (src/pool.cpp:388)
08-10-2018 08:05:34 UTC [ERROR] Connection pool was unable to connect to host 172.30.0.6 because of the following error: Received error response 'Keyspace 'cass_db' does not exist' (0x02002200) (src/pool.cpp:388)
08-10-2018 08:05:34 UTC [ERROR] Connection pool was unable to connect to host 172.30.0.7 because of the following error: Received error response 'Keyspace 'cass_db' does not exist' (0x02002200) (src/pool.cpp:388)
08-10-2018 08:05:39 UTC [ERROR] Connection pool was unable to connect to host 172.30.0.7 because of the following error: Received error response 'Keyspace 'cass_db' does not exist' (0x02002200) (src/pool.cpp:388)
08-10-2018 08:05:39 UTC [ERROR] Connection pool was unable to connect to host 172.30.0.6 because of the following error: Received error response 'Keyspace 'cass_db' does not exist' (0x02002200) (src/pool.cpp:388)
08-10-2018 08:05:44 UTC [ERROR] Connection pool was unable to connect to host 172.30.0.7 because of the following error: Received error response 'Keyspace 'cass_db' does not exist' (0x02002200) (src/pool.cpp:388)
08-10-2018 08:05:50 UTC [ERROR] Connection pool was unable to connect to host 172.30.0.6 because of the following error: Received error response 'Keyspace 'cass_db' does not exist' (0x02002200) (src/pool.cpp:388)
08-10-2018 08:05:55 UTC [ERROR] Connection pool was unable to connect to host 172.30.0.7 because of the following error: Received error response 'Keyspace 'cass_db' does not exist' (0x02002200) (src/pool.cpp:388)
08-10-2018 08:05:55 UTC [ERROR] Connection pool was unable to connect to host 172.30.0.6 because of the following error: Received error response 'Keyspace 'cass_db' does not exist' (0x02002200) (src/pool.cpp:388)
08-10-2018 08:06:01 UTC [ERROR] Connection pool was unable to connect to host 172.30.0.7 because of the following error: Received error response 'Keyspace 'cass_db' does not exist' (0x02002200) (src/pool.cpp:388)
08-10-2018 08:06:06 UTC [ERROR] Connection pool was unable to connect to host 172.30.0.7 because of the following error: Received error response 'Keyspace 'cass_db' does not exist' (0x02002200) (src/pool.cpp:388)
08-10-2018 08:06:11 UTC [ERROR] Connection pool was unable to connect to host 172.30.0.7 because of the following error: Received error response 'Keyspace 'cass_db' does not exist' (0x02002200) (src/pool.cpp:388)
08-10-2018 08:06:17 UTC [ERROR] Connection pool was unable to connect to host 172.30.0.6 because of the following error: Received error response 'Keyspace 'cass_db' does not exist' (0x02002200) (src/pool.cpp:388)
08-10-2018 08:06:22 UTC [ERROR] Connection pool was unable to connect to host 172.30.0.6 because of the following error: Received error response 'Keyspace 'cass_db' does not exist' (0x02002200) (src/pool.cpp:388)
08-10-2018 08:06:22 UTC [ERROR] Connection pool was unable to connect to host 172.30.0.7 because of the following error: Received error response 'Keyspace 'cass_db' does not exist' (0x02002200) (src/pool.cpp:388)
08-10-2018 08:06:27 UTC [ERROR] Connection pool was unable to connect to host 172.30.0.7 because of the following error: Received error response 'Keyspace 'cass_db' does not exist' (0x02002200) (src/pool.cpp:388)
08-10-2018 08:06:27 UTC [ERROR] Connection pool was unable to connect to host 172.30.0.6 because of the following error: Received error response 'Keyspace 'cass_db' does not exist' (0x02002200) (src/pool.cpp:388)
08-10-2018 08:06:33 UTC [ERROR] Connection pool was unable to connect to host 172.30.0.6 because of the following error: Received error response 'Keyspace 'cass_db' does not exist' (0x02002200) (src/pool.cpp:388)
08-10-2018 08:06:33 UTC [ERROR] Connection pool was unable to connect to host 172.30.0.7 because of the following error: Received error response 'Keyspace 'cass_db' does not exist' (0x02002200) (src/pool.cpp:388)
08-10-2018 08:06:38 UTC [ERROR] Connection pool was unable to connect to host 172.30.0.6 because of the following error: Received error response 'Keyspace 'cass_db' does not exist' (0x02002200) (src/pool.cpp:388)
08-10-2018 08:06:43 UTC [ERROR] Connection pool was unable to connect to host 172.30.0.7 because of the following error: Received error response 'Keyspace 'cass_db' does not exist' (0x02002200) (src/pool.cpp:388)
08-10-2018 08:06:49 UTC [ERROR] Connection pool was unable to connect to host 172.30.0.6 because of the following error: Received error response 'Keyspace 'cass_db' does not exist' (0x02002200) (src/pool.cpp:388)
08-10-2018 08:06:49 UTC [ERROR] Connection pool was unable to connect to host 172.30.0.7 because of the following error: Received error response 'Keyspace 'cass_db' does not exist' (0x02002200) (src/pool.cpp:388)
08-10-2018 08:06:54 UTC [ERROR] Connection pool was unable to connect to host 172.30.0.7 because of the following error: Received error response 'Keyspace 'cass_db' does not exist' (0x02002200) (src/pool.cpp:388)
08-10-2018 08:06:59 UTC [ERROR] Connection pool was unable to connect to host 172.30.0.7 because of the following error: Received error response 'Keyspace 'cass_db' does not exist' (0x02002200) (src/pool.cpp:388)
08-10-2018 08:07:05 UTC [ERROR] Connection pool was unable to connect to host 172.30.0.7 because of the following error: Received error response 'Keyspace 'cass_db' does not exist' (0x02002200) (src/pool.cpp:388)
08-10-2018 08:07:10 UTC [ERROR] Connection pool was unable to connect to host 172.30.0.6 because of the following error: Received error response 'Keyspace 'cass_db' does not exist' (0x02002200) (src/pool.cpp:388)
08-10-2018 08:07:10 UTC [ERROR] Connection pool was unable to connect to host 172.30.0.7 because of the following error: Received error response 'Keyspace 'cass_db' does not exist' (0x02002200) (src/pool.cpp:388)
08-10-2018 08:07:15 UTC [ERROR] Connection pool was unable to connect to host 172.30.0.6 because of the following error: Received error response 'Keyspace 'cass_db' does not exist' (0x02002200) (src/pool.cpp:388)
08-10-2018 08:07:21 UTC [ERROR] Connection pool was unable to connect to host 172.30.0.7 because of the following error: Received error response 'Keyspace 'cass_db' does not exist' (0x02002200) (src/pool.cpp:388)
08-10-2018 08:07:21 UTC [ERROR] Connection pool was unable to connect to host 172.30.0.6 because of the following error: Received error response 'Keyspace 'cass_db' does not exist' (0x02002200) (src/pool.cpp:388)
08-10-2018 08:07:26 UTC [ERROR] Connection pool was unable to connect to host 172.30.0.6 because of the following error: Received error response 'Keyspace 'cass_db' does not exist' (0x02002200) (src/pool.cpp:388)
08-10-2018 08:07:26 UTC [ERROR] Connection pool was unable to connect to host 172.30.0.7 because of the following error: Received error response 'Keyspace 'cass_db' does not exist' (0x02002200) (src/pool.cpp:388)
08-10-2018 08:07:32 UTC [ERROR] Connection pool was unable to connect to host 172.30.0.7 because of the following error: Received error response 'Keyspace 'cass_db' does not exist' (0x02002200) (src/pool.cpp:388)
08-10-2018 08:07:37 UTC [ERROR] Connection pool was unable to connect to host 172.30.0.6 because of the following error: Received error response 'Keyspace 'cass_db' does not exist' (0x02002200) (src/pool.cpp:388)
08-10-2018 08:07:42 UTC [ERROR] Connection pool was unable to connect to host 172.30.0.7 because of the following error: Received error response 'Keyspace 'cass_db' does not exist' (0x02002200) (src/pool.cpp:388)
08-10-2018 08:07:48 UTC [ERROR] Connection pool was unable to connect to host 172.30.0.6 because of the following error: Received error response 'Keyspace 'cass_db' does not exist' (0x02002200) (src/pool.cpp:388)
08-10-2018 08:07:48 UTC [ERROR] Connection pool was unable to connect to host 172.30.0.7 because of the following error: Received error response 'Keyspace 'cass_db' does not exist' (0x02002200) (src/pool.cpp:388)
08-10-2018 08:07:53 UTC [ERROR] Connection pool was unable to connect to host 172.30.0.6 because of the following error: Received error response 'Keyspace 'cass_db' does not exist' (0x02002200) (src/pool.cpp:388)
08-10-2018 08:07:58 UTC [ERROR] Connection pool was unable to connect to host 172.30.0.6 because of the following error: Received error response 'Keyspace 'cass_db' does not exist' (0x02002200) (src/pool.cpp:388)
08-10-2018 08:07:58 UTC [ERROR] Connection pool was unable to connect to host 172.30.0.7 because of the following error: Received error response 'Keyspace 'cass_db' does not exist' (0x02002200) (src/pool.cpp:388)
08-10-2018 08:08:04 UTC [ERROR] Connection pool was unable to connect to host 172.30.0.7 because of the following error: Received error response 'Keyspace 'cass_db' does not exist' (0x02002200) (src/pool.cpp:388)
08-10-2018 08:08:04 UTC [ERROR] Connection pool was unable to connect to host 172.30.0.6 because of the following error: Received error response 'Keyspace 'cass_db' does not exist' (0x02002200) (src/pool.cpp:388)
08-10-2018 08:08:09 UTC [ERROR] Connection pool was unable to connect to host 172.30.0.6 because of the following error: Received error response 'Keyspace 'cass_db' does not exist' (0x02002200) (src/pool.cpp:388)
08-10-2018 08:08:14 UTC [ERROR] Connection pool was unable to connect to host 172.30.0.6 because of the following error: Received error response 'Keyspace 'cass_db' does not exist' (0x02002200) (src/pool.cpp:388)
08-10-2018 08:08:14 UTC [ERROR] Connection pool was unable to connect to host 172.30.0.7 because of the following error: Received error response 'Keyspace 'cass_db' does not exist' (0x02002200) (src/pool.cpp:388)
08-10-2018 08:08:20 UTC [ERROR] Connection pool was unable to connect to host 172.30.0.6 because of the following error: Received error response 'Keyspace 'cass_db' does not exist' (0x02002200) (src/pool.cpp:388)
08-10-2018 08:08:20 UTC [ERROR] Connection pool was unable to connect to host 172.30.0.7 because of the following error: Received error response 'Keyspace 'cass_db' does not exist' (0x02002200) (src/pool.cpp:388)
08-10-2018 08:08:25 UTC [ERROR] Connection pool was unable to connect to host 172.30.0.7 because of the following error: Received error response 'Keyspace 'cass_db' does not exist' (0x02002200) (src/pool.cpp:388)
08-10-2018 08:08:25 UTC [ERROR] Connection pool was unable to connect to host 172.30.0.6 because of the following error: Received error response 'Keyspace 'cass_db' does not exist' (0x02002200) (src/pool.cpp:388)
08-10-2018 08:08:30 UTC [ERROR] Connection pool was unable to connect to host 172.30.0.7 because of the following error: Received error response 'Keyspace 'cass_db' does not exist' (0x02002200) (src/pool.cpp:388)
08-10-2018 08:08:30 UTC [ERROR] Connection pool was unable to connect to host 172.30.0.6 because of the following error: Received error response 'Keyspace 'cass_db' does not exist' (0x02002200) (src/pool.cpp:388)
08-10-2018 08:08:36 UTC [ERROR] Connection pool was unable to connect to host 172.30.0.6 because of the following error: Received error response 'Keyspace 'cass_db' does not exist' (0x02002200) (src/pool.cpp:388)
08-10-2018 08:08:36 UTC [ERROR] Connection pool was unable to connect to host 172.30.0.7 because of the following error: Received error response 'Keyspace 'cass_db' does not exist' (0x02002200) (src/pool.cpp:388)
08-10-2018 08:08:41 UTC [ERROR] Connection pool was unable to connect to host 172.30.0.6 because of the following error: Received error response 'Keyspace 'cass_db' does not exist' (0x02002200) (src/pool.cpp:388)
08-10-2018 08:08:41 UTC [ERROR] Connection pool was unable to connect to host 172.30.0.7 because of the following error: Received error response 'Keyspace 'cass_db' does not exist' (0x02002200) (src/pool.cpp:388)
08-10-2018 08:08:47 UTC [ERROR] Connection pool was unable to connect to host 172.30.0.7 because of the following error: Received error response 'Keyspace 'cass_db' does not exist' (0x02002200) (src/pool.cpp:388)
08-10-2018 08:08:47 UTC [ERROR] Connection pool was unable to connect to host 172.30.0.6 because of the following error: Received error response 'Keyspace 'cass_db' does not exist' (0x02002200) (src/pool.cpp:388)
08-10-2018 08:08:52 UTC [ERROR] Connection pool was unable to connect to host 172.30.0.7 because of the following error: Received error response 'Keyspace 'cass_db' does not exist' (0x02002200) (src/pool.cpp:388)
08-10-2018 08:08:57 UTC [ERROR] Connection pool was unable to connect to host 172.30.0.7 because of the following error: Received error response 'Keyspace 'cass_db' does not exist' (0x02002200) (src/pool.cpp:388)
08-10-2018 08:09:03 UTC [ERROR] Connection pool was unable to connect to host 172.30.0.6 because of the following error: Received error response 'Keyspace 'cass_db' does not exist' (0x02002200) (src/pool.cpp:388)
08-10-2018 08:09:03 UTC [ERROR] Connection pool was unable to connect to host 172.30.0.7 because of the following error: Received error response 'Keyspace 'cass_db' does not exist' (0x02002200) (src/pool.cpp:388)
08-10-2018 08:09:08 UTC [ERROR] Connection pool was unable to connect to host 172.30.0.7 because of the following error: Received error response 'Keyspace 'cass_db' does not exist' (0x02002200) (src/pool.cpp:388)
08-10-2018 08:09:08 UTC [ERROR] Connection pool was unable to connect to host 172.30.0.6 because of the following error: Received error response 'Keyspace 'cass_db' does not exist' (0x02002200) (src/pool.cpp:388)
08-10-2018 08:09:14 UTC [ERROR] Connection pool was unable to connect to host 172.30.0.6 because of the following error: Received error response 'Keyspace 'cass_db' does not exist' (0x02002200) (src/pool.cpp:388)
08-10-2018 08:09:19 UTC [ERROR] Connection pool was unable to connect to host 172.30.0.6 because of the following error: Received error response 'Keyspace 'cass_db' does not exist' (0x02002200) (src/pool.cpp:388)
08-10-2018 08:09:24 UTC [ERROR] Connection pool was unable to connect to host 172.30.0.7 because of the following error: Received error response 'Keyspace 'cass_db' does not exist' (0x02002200) (src/pool.cpp:388)
08-10-2018 08:09:30 UTC [ERROR] Connection pool was unable to connect to host 172.30.0.7 because of the following error: Received error response 'Keyspace 'cass_db' does not exist' (0x02002200) (src/pool.cpp:388)
08-10-2018 08:09:35 UTC [ERROR] Connection pool was unable to connect to host 172.30.0.7 because of the following error: Received error response 'Keyspace 'cass_db' does not exist' (0x02002200) (src/pool.cpp:388)
08-10-2018 08:09:35 UTC [ERROR] Connection pool was unable to connect to host 172.30.0.6 because of the following error: Received error response 'Keyspace 'cass_db' does not exist' (0x02002200) (src/pool.cpp:388)
08-10-2018 08:09:40 UTC [ERROR] Connection pool was unable to connect to host 172.30.0.7 because of the following error: Received error response 'Keyspace 'cass_db' does not exist' (0x02002200) (src/pool.cpp:388)
08-10-2018 08:09:46 UTC [ERROR] Connection pool was unable to connect to host 172.30.0.6 because of the following error: Received error response 'Keyspace 'cass_db' does not exist' (0x02002200) (src/pool.cpp:388)
08-10-2018 08:09:51 UTC [ERROR] Connection pool was unable to connect to host 172.30.0.7 because of the following error: Received error response 'Keyspace 'cass_db' does not exist' (0x02002200) (src/pool.cpp:388)
08-10-2018 08:09:51 UTC [ERROR] Connection pool was unable to connect to host 172.30.0.6 because of the following error: Received error response 'Keyspace 'cass_db' does not exist' (0x02002200) (src/pool.cpp:388)
08-10-2018 08:09:56 UTC [ERROR] Connection pool was unable to connect to host 172.30.0.7 because of the following error: Received error response 'Keyspace 'cass_db' does not exist' (0x02002200) (src/pool.cpp:388)
08-10-2018 08:09:56 UTC [ERROR] Connection pool was unable to connect to host 172.30.0.6 because of the following error: Received error response 'Keyspace 'cass_db' does not exist' (0x02002200) (src/pool.cpp:388)
08-10-2018 08:10:02 UTC [ERROR] Connection pool was unable to connect to host 172.30.0.7 because of the following error: Received error response 'Keyspace 'cass_db' does not exist' (0x02002200) (src/pool.cpp:388)
08-10-2018 08:10:07 UTC [ERROR] Connection pool was unable to connect to host 172.30.0.7 because of the following error: Received error response 'Keyspace 'cass_db' does not exist' (0x02002200) (src/pool.cpp:388)
08-10-2018 08:10:07 UTC [ERROR] Connection pool was unable to connect to host 172.30.0.6 because of the following error: Received error response 'Keyspace 'cass_db' does not exist' (0x02002200) (src/pool.cpp:388)
